{"/Users/vicky/Programmes/dont-google-it/spec/dataRetrievalSpec.js":{"path":"/Users/vicky/Programmes/dont-google-it/spec/dataRetrievalSpec.js","s":{"1":1,"2":1,"3":1,"4":1,"5":1,"6":1,"7":1,"8":1,"9":1,"10":1,"11":1},"b":{},"f":{},"fnMap":{},"statementMap":{"1":{"start":{"line":3,"column":0},"end":{"line":3,"column":31}},"2":{"start":{"line":4,"column":0},"end":{"line":4,"column":43}},"3":{"start":{"line":5,"column":0},"end":{"line":5,"column":38}},"4":{"start":{"line":6,"column":0},"end":{"line":6,"column":33}},"5":{"start":{"line":8,"column":0},"end":{"line":8,"column":57}},"6":{"start":{"line":10,"column":0},"end":{"line":17,"column":3}},"7":{"start":{"line":11,"column":2},"end":{"line":16,"column":5}},"8":{"start":{"line":12,"column":4},"end":{"line":12,"column":17}},"9":{"start":{"line":13,"column":4},"end":{"line":13,"column":44}},"10":{"start":{"line":14,"column":4},"end":{"line":14,"column":44}},"11":{"start":{"line":15,"column":4},"end":{"line":15,"column":50}}},"branchMap":{}},"/Users/vicky/Programmes/dont-google-it/models/dataRetrieval.js":{"path":"/Users/vicky/Programmes/dont-google-it/models/dataRetrieval.js","s":{"1":1,"2":1,"3":1,"4":1,"5":1,"6":1,"7":1,"8":1,"9":1},"b":{},"f":{"1":1},"fnMap":{"1":{"name":"dataRetrieval","line":1,"loc":{"start":{"line":1,"column":0},"end":{"line":1,"column":29}}}},"statementMap":{"1":{"start":{"line":1,"column":0},"end":{"line":10,"column":1}},"2":{"start":{"line":2,"column":2},"end":{"line":2,"column":16}},"3":{"start":{"line":3,"column":2},"end":{"line":8,"column":3}},"4":{"start":{"line":4,"column":4},"end":{"line":4,"column":30}},"5":{"start":{"line":5,"column":4},"end":{"line":5,"column":29}},"6":{"start":{"line":6,"column":4},"end":{"line":6,"column":35}},"7":{"start":{"line":7,"column":4},"end":{"line":7,"column":20}},"8":{"start":{"line":9,"column":2},"end":{"line":9,"column":14}},"9":{"start":{"line":12,"column":0},"end":{"line":12,"column":31}}},"branchMap":{}},"/Users/vicky/Programmes/dont-google-it/spec/getLinksSpec.js":{"path":"/Users/vicky/Programmes/dont-google-it/spec/getLinksSpec.js","s":{},"b":{},"f":{},"fnMap":{},"statementMap":{},"branchMap":{}},"/Users/vicky/Programmes/dont-google-it/spec/prepareQueryStringSpec.js":{"path":"/Users/vicky/Programmes/dont-google-it/spec/prepareQueryStringSpec.js","s":{"1":1,"2":1,"3":1,"4":1,"5":1,"6":1},"b":{},"f":{},"fnMap":{},"statementMap":{"1":{"start":{"line":3,"column":0},"end":{"line":3,"column":43}},"2":{"start":{"line":5,"column":0},"end":{"line":8,"column":67}},"3":{"start":{"line":9,"column":6},"end":{"line":9,"column":74}},"4":{"start":{"line":11,"column":0},"end":{"line":40,"column":3}},"5":{"start":{"line":12,"column":2},"end":{"line":15,"column":5}},"6":{"start":{"line":13,"column":4},"end":{"line":13,"column":22}}},"branchMap":{}},"/Users/vicky/Programmes/dont-google-it/models/prepareQueryString.js":{"path":"/Users/vicky/Programmes/dont-google-it/models/prepareQueryString.js","s":{"1":1,"2":1,"3":1,"4":0,"5":1,"6":0,"7":0,"8":1,"9":0,"10":0,"11":1,"12":0,"13":0,"14":0,"15":1,"16":0,"17":0,"18":1},"b":{},"f":{"1":1,"2":0,"3":0,"4":0,"5":0,"6":0,"7":0},"fnMap":{"1":{"name":"prepareQueryString","line":3,"loc":{"start":{"line":3,"column":0},"end":{"line":3,"column":35}}},"2":{"name":"splitQueryString","line":8,"loc":{"start":{"line":8,"column":0},"end":{"line":8,"column":33}}},"3":{"name":"removeNonSearchWords","line":13,"loc":{"start":{"line":13,"column":0},"end":{"line":13,"column":43}}},"4":{"name":"appendPercentageCharacter","line":18,"loc":{"start":{"line":18,"column":0},"end":{"line":18,"column":48}}},"5":{"name":"(anonymous_5)","line":19,"loc":{"start":{"line":19,"column":32},"end":{"line":19,"column":47}}},"6":{"name":"difference","line":25,"loc":{"start":{"line":25,"column":0},"end":{"line":25,"column":48}}},"7":{"name":"(anonymous_7)","line":26,"loc":{"start":{"line":26,"column":28},"end":{"line":26,"column":43}}}},"statementMap":{"1":{"start":{"line":1,"column":0},"end":{"line":1,"column":99}},"2":{"start":{"line":3,"column":0},"end":{"line":6,"column":1}},"3":{"start":{"line":4,"column":2},"end":{"line":4,"column":45}},"4":{"start":{"line":5,"column":2},"end":{"line":5,"column":33}},"5":{"start":{"line":8,"column":0},"end":{"line":11,"column":1}},"6":{"start":{"line":9,"column":2},"end":{"line":9,"column":27}},"7":{"start":{"line":10,"column":2},"end":{"line":10,"column":37}},"8":{"start":{"line":13,"column":0},"end":{"line":16,"column":1}},"9":{"start":{"line":14,"column":2},"end":{"line":14,"column":56}},"10":{"start":{"line":15,"column":2},"end":{"line":15,"column":48}},"11":{"start":{"line":18,"column":0},"end":{"line":23,"column":1}},"12":{"start":{"line":19,"column":2},"end":{"line":21,"column":5}},"13":{"start":{"line":20,"column":4},"end":{"line":20,"column":28}},"14":{"start":{"line":22,"column":2},"end":{"line":22,"column":21}},"15":{"start":{"line":25,"column":0},"end":{"line":29,"column":1}},"16":{"start":{"line":26,"column":2},"end":{"line":28,"column":5}},"17":{"start":{"line":27,"column":4},"end":{"line":27,"column":43}},"18":{"start":{"line":31,"column":0},"end":{"line":31,"column":36}}},"branchMap":{}},"/Users/vicky/Programmes/dont-google-it/spec/searchDatabaseSpec.js":{"path":"/Users/vicky/Programmes/dont-google-it/spec/searchDatabaseSpec.js","s":{"1":1,"2":1,"3":1,"4":1,"5":1,"6":1,"7":1,"8":1,"9":1,"10":0,"11":0},"b":{},"f":{},"fnMap":{},"statementMap":{"1":{"start":{"line":3,"column":0},"end":{"line":3,"column":43}},"2":{"start":{"line":5,"column":0},"end":{"line":9,"column":59}},"3":{"start":{"line":11,"column":0},"end":{"line":21,"column":3}},"4":{"start":{"line":12,"column":2},"end":{"line":20,"column":5}},"5":{"start":{"line":13,"column":4},"end":{"line":13,"column":41}},"6":{"start":{"line":14,"column":4},"end":{"line":14,"column":48}},"7":{"start":{"line":15,"column":4},"end":{"line":15,"column":22}},"8":{"start":{"line":16,"column":4},"end":{"line":16,"column":33}},"9":{"start":{"line":17,"column":4},"end":{"line":17,"column":46}},"10":{"start":{"line":18,"column":4},"end":{"line":18,"column":25}},"11":{"start":{"line":19,"column":4},"end":{"line":19,"column":20}}},"branchMap":{}},"/Users/vicky/Programmes/dont-google-it/db.js":{"path":"/Users/vicky/Programmes/dont-google-it/db.js","s":{"1":1,"2":1,"3":1},"b":{},"f":{},"fnMap":{},"statementMap":{"1":{"start":{"line":1,"column":0},"end":{"line":1,"column":50}},"2":{"start":{"line":2,"column":0},"end":{"line":2,"column":64}},"3":{"start":{"line":4,"column":0},"end":{"line":4,"column":20}}},"branchMap":{}},"/Users/vicky/Programmes/dont-google-it/models/searchDatabase.js":{"path":"/Users/vicky/Programmes/dont-google-it/models/searchDatabase.js","s":{"1":1,"2":1,"3":1,"4":1,"5":1,"6":0,"7":0,"8":0,"9":0,"10":0,"11":0,"12":1},"b":{},"f":{"1":1},"fnMap":{"1":{"name":"searchDatabase","line":5,"loc":{"start":{"line":5,"column":0},"end":{"line":5,"column":32}}}},"statementMap":{"1":{"start":{"line":1,"column":0},"end":{"line":1,"column":29}},"2":{"start":{"line":2,"column":0},"end":{"line":2,"column":50}},"3":{"start":{"line":3,"column":0},"end":{"line":3,"column":57}},"4":{"start":{"line":5,"column":0},"end":{"line":22,"column":1}},"5":{"start":{"line":6,"column":2},"end":{"line":6,"column":38}},"6":{"start":{"line":8,"column":2},"end":{"line":8,"column":27}},"7":{"start":{"line":10,"column":2},"end":{"line":20,"column":3}},"8":{"start":{"line":11,"column":4},"end":{"line":13,"column":8}},"9":{"start":{"line":14,"column":4},"end":{"line":16,"column":8}},"10":{"start":{"line":17,"column":4},"end":{"line":19,"column":8}},"11":{"start":{"line":21,"column":0},"end":{"line":21,"column":36}},"12":{"start":{"line":24,"column":0},"end":{"line":24,"column":32}}},"branchMap":{}}}