TN:
SF:/Users/vicky/Programmes/dont-google-it/spec/dataRetrievalSpec.js
FNF:0
FNH:0
DA:3,1
DA:4,1
DA:5,1
DA:6,1
DA:8,1
DA:10,1
DA:11,1
DA:12,1
DA:13,1
DA:14,1
DA:15,1
LF:11
LH:11
BRF:0
BRH:0
end_of_record
TN:
SF:/Users/vicky/Programmes/dont-google-it/models/dataRetrieval.js
FN:1,dataRetrieval
FNF:1
FNH:1
FNDA:1,dataRetrieval
DA:1,1
DA:2,1
DA:3,1
DA:4,1
DA:5,1
DA:6,1
DA:7,1
DA:9,1
DA:12,1
LF:9
LH:9
BRF:0
BRH:0
end_of_record
TN:
SF:/Users/vicky/Programmes/dont-google-it/spec/getLinksSpec.js
FNF:0
FNH:0
LF:0
LH:0
BRF:0
BRH:0
end_of_record
TN:
SF:/Users/vicky/Programmes/dont-google-it/spec/prepareQueryStringSpec.js
FNF:0
FNH:0
DA:3,1
DA:5,1
DA:9,1
DA:11,1
DA:12,1
DA:13,1
LF:6
LH:6
BRF:0
BRH:0
end_of_record
TN:
SF:/Users/vicky/Programmes/dont-google-it/models/prepareQueryString.js
FN:3,prepareQueryString
FN:8,splitQueryString
FN:13,removeNonSearchWords
FN:18,appendPercentageCharacter
FN:19,(anonymous_5)
FN:25,difference
FN:26,(anonymous_7)
FNF:7
FNH:1
FNDA:1,prepareQueryString
FNDA:0,splitQueryString
FNDA:0,removeNonSearchWords
FNDA:0,appendPercentageCharacter
FNDA:0,(anonymous_5)
FNDA:0,difference
FNDA:0,(anonymous_7)
DA:1,1
DA:3,1
DA:4,1
DA:5,0
DA:8,1
DA:9,0
DA:10,0
DA:13,1
DA:14,0
DA:15,0
DA:18,1
DA:19,0
DA:20,0
DA:22,0
DA:25,1
DA:26,0
DA:27,0
DA:31,1
LF:18
LH:8
BRF:0
BRH:0
end_of_record
TN:
SF:/Users/vicky/Programmes/dont-google-it/spec/searchDatabaseSpec.js
FNF:0
FNH:0
DA:3,1
DA:5,1
DA:11,1
DA:12,1
DA:13,1
DA:14,1
DA:15,1
DA:16,1
DA:17,1
DA:18,0
DA:19,0
LF:11
LH:9
BRF:0
BRH:0
end_of_record
TN:
SF:/Users/vicky/Programmes/dont-google-it/db.js
FNF:0
FNH:0
DA:1,1
DA:2,1
DA:4,1
LF:3
LH:3
BRF:0
BRH:0
end_of_record
TN:
SF:/Users/vicky/Programmes/dont-google-it/models/searchDatabase.js
FN:5,searchDatabase
FNF:1
FNH:1
FNDA:1,searchDatabase
DA:1,1
DA:2,1
DA:3,1
DA:5,1
DA:6,1
DA:8,0
DA:10,0
DA:11,0
DA:14,0
DA:17,0
DA:21,0
DA:24,1
LF:12
LH:6
BRF:0
BRH:0
end_of_record
